total number of cpu =     24
total time of execution (sec) =  11227.061
total time for rebalance (sec) =      7.863



     cpu #       sent     received  maxnw       minnw

         0       874       889       229       202
         1       828       897       230       203
         2       866       886       230       202
         3       909       948       230       203
         4       864       909       230       203
         5       914       866       230       202
         6       853       908       230       203
         7       920       866       230       201
         8       905       894       230       203
         9       861       875       230       203
        10       969       914       230       203
        11       958       916       230       203
        12       858       901       230       203
        13       940       912       230       203
        14       886       877       230       203
        15       935       920       230       202
        16       883       858       230       203
        17       891       931       230       203
        18       852       908       230       203
        19       886       874       231       203
        20       930       858       230       203
        21       892       902       230       203
        22       842       875       230       203
        23       890       822       230       203

     total     21406     21406      5520      4866


checkpop calls      400001
rebalance calls      14625

number of walkers 2064275652

number of walkers moved      0.001 %
